<?xml version="1.0" encoding="UTF-8"?>
<!-- Generated by org.testng.reporters.JUnitXMLReporter -->
<testsuite ignored="0" hostname="DESKTOP-LQAB47E" failures="0" tests="6" name="Default test" time="0.293" errors="0" timestamp="2023-03-30T16:24:52 IST">
  <testcase classname="AniketAutomation.MainTests.Demo" name="test2" time="0.044"/>
  <testcase classname="AniketAutomation.MainTests.Demo" name="test6" time="0.005"/>
  <testcase classname="AniketAutomation.MainTests.Demo" name="test3" time="0.007"/>
  <testcase classname="AniketAutomation.MainTests.Demo" name="test4" time="0.005"/>
  <testcase classname="AniketAutomation.MainTests.Demo" name="test5" time="0.007"/>
  <testcase classname="AniketAutomation.MainTests.Demo" name="test1" time="0.006"/>
</testsuite> <!-- Default test -->
