<?xml version="1.0" encoding="UTF-8"?>
<!-- Generated by org.testng.reporters.JUnitXMLReporter -->
<testsuite ignored="0" hostname="DESKTOP-LQAB47E" failures="0" tests="2" name="Error Validation Test" time="13.908" errors="0" timestamp="2023-02-16T00:14:23 IST">
  <testcase classname="AniketAutomation.MainTests.ErrorValidations" name="ErrorValidationLoginPage" time="0.71"/>
  <testcase classname="AniketAutomation.MainTests.ErrorValidations" name="ProductErrorValidation" time="3.48"/>
</testsuite> <!-- Error Validation Test -->
