<?xml version="1.0" encoding="UTF-8"?>
<!-- Generated by org.testng.reporters.JUnitXMLReporter -->
<testsuite ignored="0" hostname="DESKTOP-LQAB47E" failures="0" tests="3" name="Submit Order Test" time="33.135" errors="0" timestamp="2023-02-16T00:14:09 IST">
  <testcase classname="AniketAutomation.MainTests.SubmitOrderTest" name="SubmitOrder" time="6.857"/>
  <testcase classname="AniketAutomation.MainTests.SubmitOrderTest" name="SubmitOrder" time="6.641"/>
  <testcase classname="AniketAutomation.MainTests.SubmitOrderTest" name="orderHistoryTest" time="1.136"/>
</testsuite> <!-- Submit Order Test -->
